This is pdfTeX, Version 3.14159265-2.6-1.40.17 (MiKTeX 2.9.6210 64-bit) (preloaded format=pdflatex 2017.4.6)  23 OCT 2017 14:25
entering extended mode
**./report.main.tex
(report.main.tex
LaTeX2e <2017/01/01> patch level 1
Babel <3.9r> and hyphenation patterns for 75 language(s) loaded.
("C:\Program Files\MiKTeX 2.9\tex\latex\base\report.cls"
Document Class: report 2014/09/29 v1.4h Standard LaTeX document class
("C:\Program Files\MiKTeX 2.9\tex\latex\base\size11.clo"
File: size11.clo 2014/09/29 v1.4h Standard LaTeX file (size option)
)
\c@part=\count79
\c@chapter=\count80
\c@section=\count81
\c@subsection=\count82
\c@subsubsection=\count83
\c@paragraph=\count84
\c@subparagraph=\count85
\c@figure=\count86
\c@table=\count87
\abovecaptionskip=\skip41
\belowcaptionskip=\skip42
\bibindent=\dimen102
)
("C:\Program Files\MiKTeX 2.9\tex\latex\base\inputenc.sty"
Package: inputenc 2015/03/17 v1.2c Input encoding file
\inpenc@prehook=\toks14
\inpenc@posthook=\toks15

("C:\Program Files\MiKTeX 2.9\tex\latex\base\utf8.def"
File: utf8.def 2016/02/28 v1.1s UTF-8 support for inputenc
Now handling font encoding OML ...
... no UTF-8 mapping file for font encoding OML
Now handling font encoding T1 ...
... processing UTF-8 mapping file for font encoding T1

("C:\Program Files\MiKTeX 2.9\tex\latex\base\t1enc.dfu"
File: t1enc.dfu 2016/02/28 v1.1s UTF-8 support for inputenc
   defining Unicode char U+00A0 (decimal 160)
   defining Unicode char U+00A1 (decimal 161)
   defining Unicode char U+00A3 (decimal 163)
   defining Unicode char U+00AB (decimal 171)
   defining Unicode char U+00AD (decimal 173)
   defining Unicode char U+00BB (decimal 187)
   defining Unicode char U+00BF (decimal 191)
   defining Unicode char U+00C0 (decimal 192)
   defining Unicode char U+00C1 (decimal 193)
   defining Unicode char U+00C2 (decimal 194)
   defining Unicode char U+00C3 (decimal 195)
   defining Unicode char U+00C4 (decimal 196)
   defining Unicode char U+00C5 (decimal 197)
   defining Unicode char U+00C6 (decimal 198)
   defining Unicode char U+00C7 (decimal 199)
   defining Unicode char U+00C8 (decimal 200)
   defining Unicode char U+00C9 (decimal 201)
   defining Unicode char U+00CA (decimal 202)
   defining Unicode char U+00CB (decimal 203)
   defining Unicode char U+00CC (decimal 204)
   defining Unicode char U+00CD (decimal 205)
   defining Unicode char U+00CE (decimal 206)
   defining Unicode char U+00CF (decimal 207)
   defining Unicode char U+00D0 (decimal 208)
   defining Unicode char U+00D1 (decimal 209)
   defining Unicode char U+00D2 (decimal 210)
   defining Unicode char U+00D3 (decimal 211)
   defining Unicode char U+00D4 (decimal 212)
   defining Unicode char U+00D5 (decimal 213)
   defining Unicode char U+00D6 (decimal 214)
   defining Unicode char U+00D8 (decimal 216)
   defining Unicode char U+00D9 (decimal 217)
   defining Unicode char U+00DA (decimal 218)
   defining Unicode char U+00DB (decimal 219)
   defining Unicode char U+00DC (decimal 220)
   defining Unicode char U+00DD (decimal 221)
   defining Unicode char U+00DE (decimal 222)
   defining Unicode char U+00DF (decimal 223)
   defining Unicode char U+00E0 (decimal 224)
   defining Unicode char U+00E1 (decimal 225)
   defining Unicode char U+00E2 (decimal 226)
   defining Unicode char U+00E3 (decimal 227)
   defining Unicode char U+00E4 (decimal 228)
   defining Unicode char U+00E5 (decimal 229)
   defining Unicode char U+00E6 (decimal 230)
   defining Unicode char U+00E7 (decimal 231)
   defining Unicode char U+00E8 (decimal 232)
   defining Unicode char U+00E9 (decimal 233)
   defining Unicode char U+00EA (decimal 234)
   defining Unicode char U+00EB (decimal 235)
   defining Unicode char U+00EC (decimal 236)
   defining Unicode char U+00ED (decimal 237)
   defining Unicode char U+00EE (decimal 238)
   defining Unicode char U+00EF (decimal 239)
   defining Unicode char U+00F0 (decimal 240)
   defining Unicode char U+00F1 (decimal 241)
   defining Unicode char U+00F2 (decimal 242)
   defining Unicode char U+00F3 (decimal 243)
   defining Unicode char U+00F4 (decimal 244)
   defining Unicode char U+00F5 (decimal 245)
   defining Unicode char U+00F6 (decimal 246)
   defining Unicode char U+00F8 (decimal 248)
   defining Unicode char U+00F9 (decimal 249)
   defining Unicode char U+00FA (decimal 250)
   defining Unicode char U+00FB (decimal 251)
   defining Unicode char U+00FC (decimal 252)
   defining Unicode char U+00FD (decimal 253)
   defining Unicode char U+00FE (decimal 254)
   defining Unicode char U+00FF (decimal 255)
   defining Unicode char U+0100 (decimal 256)
   defining Unicode char U+0101 (decimal 257)
   defining Unicode char U+0102 (decimal 258)
   defining Unicode char U+0103 (decimal 259)
   defining Unicode char U+0104 (decimal 260)
   defining Unicode char U+0105 (decimal 261)
   defining Unicode char U+0106 (decimal 262)
   defining Unicode char U+0107 (decimal 263)
   defining Unicode char U+0108 (decimal 264)
   defining Unicode char U+0109 (decimal 265)
   defining Unicode char U+010A (decimal 266)
   defining Unicode char U+010B (decimal 267)
   defining Unicode char U+010C (decimal 268)
   defining Unicode char U+010D (decimal 269)
   defining Unicode char U+010E (decimal 270)
   defining Unicode char U+010F (decimal 271)
   defining Unicode char U+0110 (decimal 272)
   defining Unicode char U+0111 (decimal 273)
   defining Unicode char U+0112 (decimal 274)
   defining Unicode char U+0113 (decimal 275)
   defining Unicode char U+0114 (decimal 276)
   defining Unicode char U+0115 (decimal 277)
   defining Unicode char U+0116 (decimal 278)
   defining Unicode char U+0117 (decimal 279)
   defining Unicode char U+0118 (decimal 280)
   defining Unicode char U+0119 (decimal 281)
   defining Unicode char U+011A (decimal 282)
   defining Unicode char U+011B (decimal 283)
   defining Unicode char U+011C (decimal 284)
   defining Unicode char U+011D (decimal 285)
   defining Unicode char U+011E (decimal 286)
   defining Unicode char U+011F (decimal 287)
   defining Unicode char U+0120 (decimal 288)
   defining Unicode char U+0121 (decimal 289)
   defining Unicode char U+0122 (decimal 290)
   defining Unicode char U+0123 (decimal 291)
   defining Unicode char U+0124 (decimal 292)
   defining Unicode char U+0125 (decimal 293)
   defining Unicode char U+0128 (decimal 296)
   defining Unicode char U+0129 (decimal 297)
   defining Unicode char U+012A (decimal 298)
   defining Unicode char U+012B (decimal 299)
   defining Unicode char U+012C (decimal 300)
   defining Unicode char U+012D (decimal 301)
   defining Unicode char U+012E (decimal 302)
   defining Unicode char U+012F (decimal 303)
   defining Unicode char U+0130 (decimal 304)
   defining Unicode char U+0131 (decimal 305)
   defining Unicode char U+0132 (decimal 306)
   defining Unicode char U+0133 (decimal 307)
   defining Unicode char U+0134 (decimal 308)
   defining Unicode char U+0135 (decimal 309)
   defining Unicode char U+0136 (decimal 310)
   defining Unicode char U+0137 (decimal 311)
   defining Unicode char U+0139 (decimal 313)
   defining Unicode char U+013A (decimal 314)
   defining Unicode char U+013B (decimal 315)
   defining Unicode char U+013C (decimal 316)
   defining Unicode char U+013D (decimal 317)
   defining Unicode char U+013E (decimal 318)
   defining Unicode char U+0141 (decimal 321)
   defining Unicode char U+0142 (decimal 322)
   defining Unicode char U+0143 (decimal 323)
   defining Unicode char U+0144 (decimal 324)
   defining Unicode char U+0145 (decimal 325)
   defining Unicode char U+0146 (decimal 326)
   defining Unicode char U+0147 (decimal 327)
   defining Unicode char U+0148 (decimal 328)
   defining Unicode char U+014A (decimal 330)
   defining Unicode char U+014B (decimal 331)
   defining Unicode char U+014C (decimal 332)
   defining Unicode char U+014D (decimal 333)
   defining Unicode char U+014E (decimal 334)
   defining Unicode char U+014F (decimal 335)
   defining Unicode char U+0150 (decimal 336)
   defining Unicode char U+0151 (decimal 337)
   defining Unicode char U+0152 (decimal 338)
   defining Unicode char U+0153 (decimal 339)
   defining Unicode char U+0154 (decimal 340)
   defining Unicode char U+0155 (decimal 341)
   defining Unicode char U+0156 (decimal 342)
   defining Unicode char U+0157 (decimal 343)
   defining Unicode char U+0158 (decimal 344)
   defining Unicode char U+0159 (decimal 345)
   defining Unicode char U+015A (decimal 346)
   defining Unicode char U+015B (decimal 347)
   defining Unicode char U+015C (decimal 348)
   defining Unicode char U+015D (decimal 349)
   defining Unicode char U+015E (decimal 350)
   defining Unicode char U+015F (decimal 351)
   defining Unicode char U+0160 (decimal 352)
   defining Unicode char U+0161 (decimal 353)
   defining Unicode char U+0162 (decimal 354)
   defining Unicode char U+0163 (decimal 355)
   defining Unicode char U+0164 (decimal 356)
   defining Unicode char U+0165 (decimal 357)
   defining Unicode char U+0168 (decimal 360)
   defining Unicode char U+0169 (decimal 361)
   defining Unicode char U+016A (decimal 362)
   defining Unicode char U+016B (decimal 363)
   defining Unicode char U+016C (decimal 364)
   defining Unicode char U+016D (decimal 365)
   defining Unicode char U+016E (decimal 366)
   defining Unicode char U+016F (decimal 367)
   defining Unicode char U+0170 (decimal 368)
   defining Unicode char U+0171 (decimal 369)
   defining Unicode char U+0172 (decimal 370)
   defining Unicode char U+0173 (decimal 371)
   defining Unicode char U+0174 (decimal 372)
   defining Unicode char U+0175 (decimal 373)
   defining Unicode char U+0176 (decimal 374)
   defining Unicode char U+0177 (decimal 375)
   defining Unicode char U+0178 (decimal 376)
   defining Unicode char U+0179 (decimal 377)
   defining Unicode char U+017A (decimal 378)
   defining Unicode char U+017B (decimal 379)
   defining Unicode char U+017C (decimal 380)
   defining Unicode char U+017D (decimal 381)
   defining Unicode char U+017E (decimal 382)
   defining Unicode char U+01CD (decimal 461)
   defining Unicode char U+01CE (decimal 462)
   defining Unicode char U+01CF (decimal 463)
   defining Unicode char U+01D0 (decimal 464)
   defining Unicode char U+01D1 (decimal 465)
   defining Unicode char U+01D2 (decimal 466)
   defining Unicode char U+01D3 (decimal 467)
   defining Unicode char U+01D4 (decimal 468)
   defining Unicode char U+01E2 (decimal 482)
   defining Unicode char U+01E3 (decimal 483)
   defining Unicode char U+01E6 (decimal 486)
   defining Unicode char U+01E7 (decimal 487)
   defining Unicode char U+01E8 (decimal 488)
   defining Unicode char U+01E9 (decimal 489)
   defining Unicode char U+01EA (decimal 490)
   defining Unicode char U+01EB (decimal 491)
   defining Unicode char U+01F0 (decimal 496)
   defining Unicode char U+01F4 (decimal 500)
   defining Unicode char U+01F5 (decimal 501)
   defining Unicode char U+0218 (decimal 536)
   defining Unicode char U+0219 (decimal 537)
   defining Unicode char U+021A (decimal 538)
   defining Unicode char U+021B (decimal 539)
   defining Unicode char U+1E02 (decimal 7682)
   defining Unicode char U+1E03 (decimal 7683)
   defining Unicode char U+200C (decimal 8204)
   defining Unicode char U+2010 (decimal 8208)
   defining Unicode char U+2011 (decimal 8209)
   defining Unicode char U+2012 (decimal 8210)
   defining Unicode char U+2013 (decimal 8211)
   defining Unicode char U+2014 (decimal 8212)
   defining Unicode char U+2015 (decimal 8213)
   defining Unicode char U+2018 (decimal 8216)
   defining Unicode char U+2019 (decimal 8217)
   defining Unicode char U+201A (decimal 8218)
   defining Unicode char U+201C (decimal 8220)
   defining Unicode char U+201D (decimal 8221)
   defining Unicode char U+201E (decimal 8222)
   defining Unicode char U+2030 (decimal 8240)
   defining Unicode char U+2031 (decimal 8241)
   defining Unicode char U+2039 (decimal 8249)
   defining Unicode char U+203A (decimal 8250)
   defining Unicode char U+2423 (decimal 9251)
)
Now handling font encoding OT1 ...
... processing UTF-8 mapping file for font encoding OT1

("C:\Program Files\MiKTeX 2.9\tex\latex\base\ot1enc.dfu"
File: ot1enc.dfu 2016/02/28 v1.1s UTF-8 support for inputenc
   defining Unicode char U+00A0 (decimal 160)
   defining Unicode char U+00A1 (decimal 161)
   defining Unicode char U+00A3 (decimal 163)
   defining Unicode char U+00AD (decimal 173)
   defining Unicode char U+00B8 (decimal 184)
   defining Unicode char U+00BF (decimal 191)
   defining Unicode char U+00C5 (decimal 197)
   defining Unicode char U+00C6 (decimal 198)
   defining Unicode char U+00D8 (decimal 216)
   defining Unicode char U+00DF (decimal 223)
   defining Unicode char U+00E6 (decimal 230)
   defining Unicode char U+00EC (decimal 236)
   defining Unicode char U+00ED (decimal 237)
   defining Unicode char U+00EE (decimal 238)
   defining Unicode char U+00EF (decimal 239)
   defining Unicode char U+00F8 (decimal 248)
   defining Unicode char U+0131 (decimal 305)
   defining Unicode char U+0141 (decimal 321)
   defining Unicode char U+0142 (decimal 322)
   defining Unicode char U+0152 (decimal 338)
   defining Unicode char U+0153 (decimal 339)
   defining Unicode char U+0174 (decimal 372)
   defining Unicode char U+0175 (decimal 373)
   defining Unicode char U+0176 (decimal 374)
   defining Unicode char U+0177 (decimal 375)
   defining Unicode char U+0218 (decimal 536)
   defining Unicode char U+0219 (decimal 537)
   defining Unicode char U+021A (decimal 538)
   defining Unicode char U+021B (decimal 539)
   defining Unicode char U+2013 (decimal 8211)
   defining Unicode char U+2014 (decimal 8212)
   defining Unicode char U+2018 (decimal 8216)
   defining Unicode char U+2019 (decimal 8217)
   defining Unicode char U+201C (decimal 8220)
   defining Unicode char U+201D (decimal 8221)
)
Now handling font encoding OMS ...
... processing UTF-8 mapping file for font encoding OMS

("C:\Program Files\MiKTeX 2.9\tex\latex\base\omsenc.dfu"
File: omsenc.dfu 2016/02/28 v1.1s UTF-8 support for inputenc
   defining Unicode char U+00A7 (decimal 167)
   defining Unicode char U+00B6 (decimal 182)
   defining Unicode char U+00B7 (decimal 183)
   defining Unicode char U+2020 (decimal 8224)
   defining Unicode char U+2021 (decimal 8225)
   defining Unicode char U+2022 (decimal 8226)
)
Now handling font encoding OMX ...
... no UTF-8 mapping file for font encoding OMX
Now handling font encoding U ...
... no UTF-8 mapping file for font encoding U
   defining Unicode char U+00A9 (decimal 169)
   defining Unicode char U+00AA (decimal 170)
   defining Unicode char U+00AE (decimal 174)
   defining Unicode char U+00BA (decimal 186)
   defining Unicode char U+02C6 (decimal 710)
   defining Unicode char U+02DC (decimal 732)
   defining Unicode char U+200C (decimal 8204)
   defining Unicode char U+2026 (decimal 8230)
   defining Unicode char U+2122 (decimal 8482)
   defining Unicode char U+2423 (decimal 9251)
))
(report.preamble.tex ("C:\Program Files\MiKTeX 2.9\tex\generic\babel\babel.sty"
Package: babel 2016/04/23 3.9r The Babel package
*************************************
* Local config file bblopts.cfg used
*
("C:\Program Files\MiKTeX 2.9\tex\latex\arabi\bblopts.cfg"
File: bblopts.cfg 2005/09/08 v0.1 add Arabic and Farsi to "declared" options of
 babel
)
("C:\Program Files\MiKTeX 2.9\tex\latex\babel-english\english.ldf"
Language: english 2017/01/24 v3.3q English support from the babel system

("C:\Program Files\MiKTeX 2.9\tex\generic\babel\babel.def"
File: babel.def 2016/04/23 3.9r Babel common definitions
\babel@savecnt=\count88
\U@D=\dimen103
)
\l@canadian = a dialect from \language\l@american 
\l@australian = a dialect from \language\l@british 
\l@newzealand = a dialect from \language\l@british 
))
("C:\Program Files\MiKTeX 2.9\tex\latex\amsmath\amsmath.sty"
Package: amsmath 2016/11/05 v2.16a AMS math features
\@mathmargin=\skip43

For additional information on amsmath, use the `?' option.
("C:\Program Files\MiKTeX 2.9\tex\latex\amsmath\amstext.sty"
Package: amstext 2000/06/29 v2.01 AMS text

("C:\Program Files\MiKTeX 2.9\tex\latex\amsmath\amsgen.sty"
File: amsgen.sty 1999/11/30 v2.0 generic functions
\@emptytoks=\toks16
\ex@=\dimen104
))
("C:\Program Files\MiKTeX 2.9\tex\latex\amsmath\amsbsy.sty"
Package: amsbsy 1999/11/29 v1.2d Bold Symbols
\pmbraise@=\dimen105
)
("C:\Program Files\MiKTeX 2.9\tex\latex\amsmath\amsopn.sty"
Package: amsopn 2016/03/08 v2.02 operator names
)
\inf@bad=\count89
LaTeX Info: Redefining \frac on input line 213.
\uproot@=\count90
\leftroot@=\count91
LaTeX Info: Redefining \overline on input line 375.
\classnum@=\count92
\DOTSCASE@=\count93
LaTeX Info: Redefining \ldots on input line 472.
LaTeX Info: Redefining \dots on input line 475.
LaTeX Info: Redefining \cdots on input line 596.
\Mathstrutbox@=\box26
\strutbox@=\box27
\big@size=\dimen106
LaTeX Font Info:    Redeclaring font encoding OML on input line 712.
LaTeX Font Info:    Redeclaring font encoding OMS on input line 713.
\macc@depth=\count94
\c@MaxMatrixCols=\count95
\dotsspace@=\muskip10
\c@parentequation=\count96
\dspbrk@lvl=\count97
\tag@help=\toks17
\row@=\count98
\column@=\count99
\maxfields@=\count100
\andhelp@=\toks18
\eqnshift@=\dimen107
\alignsep@=\dimen108
\tagshift@=\dimen109
\tagwidth@=\dimen110
\totwidth@=\dimen111
\lineht@=\dimen112
\@envbody=\toks19
\multlinegap=\skip44
\multlinetaggap=\skip45
\mathdisplay@stack=\toks20
LaTeX Info: Redefining \[ on input line 2817.
LaTeX Info: Redefining \] on input line 2818.
)
("C:\Program Files\MiKTeX 2.9\tex\latex\amsfonts\amsfonts.sty"
Package: amsfonts 2013/01/14 v3.01 Basic AMSFonts support
\symAMSa=\mathgroup4
\symAMSb=\mathgroup5
LaTeX Font Info:    Overwriting math alphabet `\mathfrak' in version `bold'
(Font)                  U/euf/m/n --> U/euf/b/n on input line 106.
)
("C:\Program Files\MiKTeX 2.9\tex\latex\amsfonts\amssymb.sty"
Package: amssymb 2013/01/14 v3.01 AMS font symbols
)
("C:\Program Files\MiKTeX 2.9\tex\latex\acronym\acronym.sty"
Package: acronym 2015/03/21 v1.41 Support for acronyms (Tobias Oetiker)

("C:\Program Files\MiKTeX 2.9\tex\latex\bigfoot\suffix.sty"
Package: suffix 2006/07/15 1.5a Variant command support
)
("C:\Program Files\MiKTeX 2.9\tex\latex\xstring\xstring.sty"
("C:\Program Files\MiKTeX 2.9\tex\generic\xstring\xstring.tex"
\@xs@message=\write3
\integerpart=\count101
\decimalpart=\count102
)
Package: xstring 2013/10/13  v1.7c  String manipulations (C Tellechea)
)
\AC@clearlist=\toks21
)
("C:\Program Files\MiKTeX 2.9\tex\latex\graphics\graphicx.sty"
Package: graphicx 2014/10/28 v1.0g Enhanced LaTeX Graphics (DPC,SPQR)

("C:\Program Files\MiKTeX 2.9\tex\latex\graphics\keyval.sty"
Package: keyval 2014/10/28 v1.15 key=value parser (DPC)
\KV@toks@=\toks22
)
("C:\Program Files\MiKTeX 2.9\tex\latex\graphics\graphics.sty"
Package: graphics 2016/10/09 v1.0u Standard LaTeX Graphics (DPC,SPQR)

("C:\Program Files\MiKTeX 2.9\tex\latex\graphics\trig.sty"
Package: trig 2016/01/03 v1.10 sin cos tan (DPC)
)
("C:\Program Files\MiKTeX 2.9\tex\latex\graphics-cfg\graphics.cfg"
File: graphics.cfg 2016/06/04 v1.11 sample graphics configuration
)
Package graphics Info: Driver file: pdftex.def on input line 99.

("C:\Program Files\MiKTeX 2.9\tex\latex\graphics-def\pdftex.def"
File: pdftex.def 2017/01/12 v0.06k Graphics/color for pdfTeX

("C:\Program Files\MiKTeX 2.9\tex\generic\oberdiek\infwarerr.sty"
Package: infwarerr 2016/05/16 v1.4 Providing info/warning/error messages (HO)
)
("C:\Program Files\MiKTeX 2.9\tex\generic\oberdiek\ltxcmds.sty"
Package: ltxcmds 2016/05/16 v1.23 LaTeX kernel commands for general use (HO)
)
\Gread@gobject=\count103
))
\Gin@req@height=\dimen113
\Gin@req@width=\dimen114
)
("C:\Program Files\MiKTeX 2.9\tex\latex\float\float.sty"
Package: float 2001/11/08 v1.3d Float enhancements (AL)
\c@float@type=\count104
\float@exts=\toks23
\float@box=\box28
\@float@everytoks=\toks24
\@floatcapt=\box29
)
("C:\Program Files\MiKTeX 2.9\tex\latex\a4wide\a4wide.sty"
Package: a4wide 1994/08/30

("C:\Program Files\MiKTeX 2.9\tex\latex\ntgclass\a4.sty"
Package: a4 2004/04/15 v1.2g A4 based page layout
))
("C:\Program Files\MiKTeX 2.9\tex\latex\fancyhdr\fancyhdr.sty"
Package: fancyhdr 2016/09/06 3.8 Extensive control of page headers and footers
\fancy@headwidth=\skip46
\f@ncyO@elh=\skip47
\f@ncyO@erh=\skip48
\f@ncyO@olh=\skip49
\f@ncyO@orh=\skip50
\f@ncyO@elf=\skip51
\f@ncyO@erf=\skip52
\f@ncyO@olf=\skip53
\f@ncyO@orf=\skip54
)
("C:\Program Files\MiKTeX 2.9\tex\latex\tocloft\tocloft.sty"
Package: tocloft 2013/05/02 v2.3f parameterised ToC, etc., typesetting
Package tocloft Info: The document has chapter divisions on input line 44.
\cftparskip=\skip55
\cftbeforetoctitleskip=\skip56
\cftaftertoctitleskip=\skip57
\cftbeforepartskip=\skip58
\cftpartnumwidth=\skip59
\cftpartindent=\skip60
\cftbeforechapskip=\skip61
\cftchapindent=\skip62
\cftchapnumwidth=\skip63
\cftbeforesecskip=\skip64
\cftsecindent=\skip65
\cftsecnumwidth=\skip66
\cftbeforesubsecskip=\skip67
\cftsubsecindent=\skip68
\cftsubsecnumwidth=\skip69
\cftbeforesubsubsecskip=\skip70
\cftsubsubsecindent=\skip71
\cftsubsubsecnumwidth=\skip72
\cftbeforeparaskip=\skip73
\cftparaindent=\skip74
\cftparanumwidth=\skip75
\cftbeforesubparaskip=\skip76
\cftsubparaindent=\skip77
\cftsubparanumwidth=\skip78
\cftbeforeloftitleskip=\skip79
\cftafterloftitleskip=\skip80
\cftbeforefigskip=\skip81
\cftfigindent=\skip82
\cftfignumwidth=\skip83
\c@lofdepth=\count105
\c@lotdepth=\count106
\cftbeforelottitleskip=\skip84
\cftafterlottitleskip=\skip85
\cftbeforetabskip=\skip86
\cfttabindent=\skip87
\cfttabnumwidth=\skip88
)
("C:\Program Files\MiKTeX 2.9\tex\latex\lastpage\lastpage.sty"
Package: lastpage 2015/03/29 v1.2m Refers to last page's name (HMM; JPG)
)
("C:\Program Files\MiKTeX 2.9\tex\latex\tools\verbatim.sty"
Package: verbatim 2014/10/28 v1.5q LaTeX2e package for verbatim enhancements
\every@verbatim=\toks25
\verbatim@line=\toks26
\verbatim@in@stream=\read1
)
("C:\Program Files\MiKTeX 2.9\tex\latex\datetime\datetime.sty"
Package: datetime 2015/03/20 v2.60 Date Time Package

("C:\Program Files\MiKTeX 2.9\tex\latex\etoolbox\etoolbox.sty"
Package: etoolbox 2017/01/02 v2.4 e-TeX tools for LaTeX (JAW)
\etb@tempcnta=\count107
)
("C:\Program Files\MiKTeX 2.9\tex\latex\fmtcount\fmtcount.sty"
Package: fmtcount 2015/05/05 v3.01

("C:\Program Files\MiKTeX 2.9\tex\latex\base\ifthen.sty"
Package: ifthen 2014/09/29 v1.1c Standard LaTeX ifthen package (DPC)
)
("C:\Program Files\MiKTeX 2.9\tex\latex\xkeyval\xkeyval.sty"
Package: xkeyval 2014/12/03 v2.7a package option processing (HA)

("C:\Program Files\MiKTeX 2.9\tex\generic\xkeyval\xkeyval.tex"
("C:\Program Files\MiKTeX 2.9\tex\generic\xkeyval\xkvutils.tex"
\XKV@toks=\toks27
\XKV@tempa@toks=\toks28
)
\XKV@depth=\count108
File: xkeyval.tex 2014/12/03 v2.7a key=value parser (HA)
))
("C:\Program Files\MiKTeX 2.9\tex\latex\fmtcount\fcprefix.sty"
Package: fcprefix 2012/09/28

("C:\Program Files\MiKTeX 2.9\tex\latex\fmtcount\fcnumparser.sty"
Package: fcnumparser 2012/09/28
\fc@digit@counter=\count109
))
("C:\Program Files\MiKTeX 2.9\tex\generic\ifxetex\ifxetex.sty"
Package: ifxetex 2010/09/12 v0.6 Provides ifxetex conditional
)
\c@padzeroesN=\count110
\fc@tmpcatcode=\count111

("C:\Program Files\MiKTeX 2.9\tex\latex\fmtcount\fc-english.def"
File: fc-english.def 2013/08/17
)
\@DT@modctr=\count112
\@ordinalctr=\count113
\@orgargctr=\count114
\@strctr=\count115
\@tmpstrctr=\count116
\@DT@loopN=\count117
\@DT@X=\count118
)
("C:\Program Files\MiKTeX 2.9\tex\latex\datetime\datetime-defaults.sty"
Package: datetime-defaults 2013/09/10
)
\@day=\count119
\@month=\count120
\@year=\count121
\c@HOUR=\count122
\c@HOURXII=\count123
\c@MINUTE=\count124
\c@TOHOUR=\count125
\c@TOMINUTE=\count126
\c@SECOND=\count127
\currenthour=\count128
\currentminute=\count129
\currentsecond=\count130
Package datetime Info: No datetime.cfg file found, using default settings on in
put line 308.
\@dtctr=\count131
\dayofyear=\count132
\dayofweek=\count133
LaTeX Info: Redefining \today on input line 736.
\dt@a=\toks29
\dt@b=\toks30
)
("C:\Program Files\MiKTeX 2.9\tex\latex\hyperref\hyperref.sty"
Package: hyperref 2016/06/24 v6.83q Hypertext links for LaTeX

("C:\Program Files\MiKTeX 2.9\tex\generic\oberdiek\hobsub-hyperref.sty"
Package: hobsub-hyperref 2016/05/16 v1.14 Bundle oberdiek, subset hyperref (HO)


("C:\Program Files\MiKTeX 2.9\tex\generic\oberdiek\hobsub-generic.sty"
Package: hobsub-generic 2016/05/16 v1.14 Bundle oberdiek, subset generic (HO)
Package: hobsub 2016/05/16 v1.14 Construct package bundles (HO)
Package hobsub Info: Skipping package `infwarerr' (already loaded).
Package hobsub Info: Skipping package `ltxcmds' (already loaded).
Package: ifluatex 2016/05/16 v1.4 Provides the ifluatex switch (HO)
Package ifluatex Info: LuaTeX not detected.
Package: ifvtex 2016/05/16 v1.6 Detect VTeX and its facilities (HO)
Package ifvtex Info: VTeX not detected.
Package: intcalc 2016/05/16 v1.2 Expandable calculations with integers (HO)
Package: ifpdf 2016/05/14 v3.1 Provides the ifpdf switch
Package: etexcmds 2016/05/16 v1.6 Avoid name clashes with e-TeX commands (HO)
Package etexcmds Info: Could not find \expanded.
(etexcmds)             That can mean that you are not using pdfTeX 1.50 or
(etexcmds)             that some package has redefined \expanded.
(etexcmds)             In the latter case, load this package earlier.
Package: kvsetkeys 2016/05/16 v1.17 Key value parser (HO)
Package: kvdefinekeys 2016/05/16 v1.4 Define keys (HO)
Package: pdftexcmds 2016/05/21 v0.22 Utility functions of pdfTeX for LuaTeX (HO
)
Package pdftexcmds Info: LuaTeX not detected.
Package pdftexcmds Info: \pdf@primitive is available.
Package pdftexcmds Info: \pdf@ifprimitive is available.
Package pdftexcmds Info: \pdfdraftmode found.
Package: pdfescape 2016/05/16 v1.14 Implements pdfTeX's escape features (HO)
Package: bigintcalc 2016/05/16 v1.4 Expandable calculations on big integers (HO
)
Package: bitset 2016/05/16 v1.2 Handle bit-vector datatype (HO)
Package: uniquecounter 2016/05/16 v1.3 Provide unlimited unique counter (HO)
)
Package hobsub Info: Skipping package `hobsub' (already loaded).
Package: letltxmacro 2016/05/16 v1.5 Let assignment for LaTeX macros (HO)
Package: hopatch 2016/05/16 v1.3 Wrapper for package hooks (HO)
Package: xcolor-patch 2016/05/16 xcolor patch
Package: atveryend 2016/05/16 v1.9 Hooks at the very end of document (HO)
Package: atbegshi 2016/06/09 v1.18 At begin shipout hook (HO)
Package: refcount 2016/05/16 v3.5 Data extraction from label references (HO)
Package: hycolor 2016/05/16 v1.8 Color options for hyperref/bookmark (HO)
)
("C:\Program Files\MiKTeX 2.9\tex\latex\oberdiek\auxhook.sty"
Package: auxhook 2016/05/16 v1.4 Hooks for auxiliary files (HO)
)
("C:\Program Files\MiKTeX 2.9\tex\latex\oberdiek\kvoptions.sty"
Package: kvoptions 2016/05/16 v3.12 Key value format for package options (HO)
)
\@linkdim=\dimen115
\Hy@linkcounter=\count134
\Hy@pagecounter=\count135

("C:\Program Files\MiKTeX 2.9\tex\latex\hyperref\pd1enc.def"
File: pd1enc.def 2016/06/24 v6.83q Hyperref: PDFDocEncoding definition (HO)
Now handling font encoding PD1 ...
... no UTF-8 mapping file for font encoding PD1
)
\Hy@SavedSpaceFactor=\count136

("C:\Program Files\MiKTeX 2.9\tex\latex\00miktex\hyperref.cfg"
File: hyperref.cfg 2002/06/06 v1.2 hyperref configuration of TeXLive
)
Package hyperref Info: Option `bookmarks' set `true' on input line 4362.
Package hyperref Info: Option `colorlinks' set `true' on input line 4362.
Package hyperref Info: Hyper figures OFF on input line 4486.
Package hyperref Info: Link nesting OFF on input line 4491.
Package hyperref Info: Hyper index ON on input line 4494.
Package hyperref Info: Plain pages OFF on input line 4501.
Package hyperref Info: Backreferencing OFF on input line 4506.
Package hyperref Info: Implicit mode ON; LaTeX internals redefined.
Package hyperref Info: Bookmarks ON on input line 4735.
\c@Hy@tempcnt=\count137

("C:\Program Files\MiKTeX 2.9\tex\latex\url\url.sty"
\Urlmuskip=\muskip11
Package: url 2013/09/16  ver 3.4  Verb mode for urls, etc.
)
LaTeX Info: Redefining \url on input line 5088.
\XeTeXLinkMargin=\dimen116
\Fld@menulength=\count138
\Field@Width=\dimen117
\Fld@charsize=\dimen118
Package hyperref Info: Hyper figures OFF on input line 6342.
Package hyperref Info: Link nesting OFF on input line 6347.
Package hyperref Info: Hyper index ON on input line 6350.
Package hyperref Info: backreferencing OFF on input line 6357.
Package hyperref Info: Link coloring ON on input line 6360.
Package hyperref Info: Link coloring with OCG OFF on input line 6367.
Package hyperref Info: PDF/A mode OFF on input line 6372.
LaTeX Info: Redefining \ref on input line 6412.
LaTeX Info: Redefining \pageref on input line 6416.
\Hy@abspage=\count139
\c@Item=\count140
\c@Hfootnote=\count141
)

Package hyperref Message: Driver (autodetected): hpdftex.

("C:\Program Files\MiKTeX 2.9\tex\latex\hyperref\hpdftex.def"
File: hpdftex.def 2016/06/24 v6.83q Hyperref driver for pdfTeX
\Fld@listcount=\count142
\c@bookmark@seq@number=\count143

("C:\Program Files\MiKTeX 2.9\tex\latex\oberdiek\rerunfilecheck.sty"
Package: rerunfilecheck 2016/05/16 v1.8 Rerun checks for auxiliary files (HO)
Package uniquecounter Info: New unique counter `rerunfilecheck' on input line 2
82.
)
\Hy@SectionHShift=\skip89
)
("C:\Program Files\MiKTeX 2.9\tex\latex\cite\cite.sty"
LaTeX Info: Redefining \cite on input line 302.
LaTeX Info: Redefining \nocite on input line 332.
Package: cite 2015/02/27  v 5.5
)
("C:\Program Files\MiKTeX 2.9\tex\latex\notoccite\notoccite.sty"
Package: notoccite 2000/07/20
)
("C:\Program Files\MiKTeX 2.9\tex\latex\multirow\multirow.sty"
Package: multirow 2016/11/25 v2.2 Span multiple rows of a table
\multirow@colwidth=\skip90
\multirow@cntb=\count144
\multirow@dima=\skip91
\bigstrutjot=\dimen119
)
("C:\Program Files\MiKTeX 2.9\tex\latex\caption\caption.sty"
Package: caption 2016/02/21 v3.3-144 Customizing captions (AR)

("C:\Program Files\MiKTeX 2.9\tex\latex\caption\caption3.sty"
Package: caption3 2016/05/22 v1.7-166 caption3 kernel (AR)
Package caption3 Info: TeX engine: e-TeX on input line 67.
\captionmargin=\dimen120
\captionmargin@=\dimen121
\captionwidth=\dimen122
\caption@tempdima=\dimen123
\caption@indent=\dimen124
\caption@parindent=\dimen125
\caption@hangindent=\dimen126
)
\c@ContinuedFloat=\count145
Package caption Info: float package is loaded.
Package caption Info: hyperref package is loaded.
)
("C:\Program Files\MiKTeX 2.9\tex\latex\caption\subcaption.sty"
Package: subcaption 2016/05/22 v1.1-161 Sub-captions (AR)
\c@subfigure=\count146
\c@subtable=\count147
)
("C:\Program Files\MiKTeX 2.9\tex\latex\oberdiek\epstopdf.sty"
Package: epstopdf 2016/05/15 v2.6 Conversion with epstopdf on the fly (HO)

("C:\Program Files\MiKTeX 2.9\tex\latex\oberdiek\epstopdf-base.sty"
Package: epstopdf-base 2016/05/15 v2.6 Base part for package epstopdf

("C:\Program Files\MiKTeX 2.9\tex\latex\oberdiek\grfext.sty"
Package: grfext 2016/05/16 v1.2 Manage graphics extensions (HO)
)
Package epstopdf-base Info: Redefining graphics rule for `.eps' on input line 4
38.
Package grfext Info: Graphics extension search list:
(grfext)             [.png,.pdf,.jpg,.mps,.jpeg,.jbig2,.jb2,.PNG,.PDF,.JPG,.JPE
G,.JBIG2,.JB2,.eps]
(grfext)             \AppendGraphicsExtensions on input line 456.
))
("C:\Program Files\MiKTeX 2.9\tex\latex\xcolor\xcolor.sty"
Package: xcolor 2016/05/11 v2.12 LaTeX color extensions (UK)

("C:\Program Files\MiKTeX 2.9\tex\latex\graphics-cfg\color.cfg"
File: color.cfg 2016/01/02 v1.6 sample color configuration
)
Package xcolor Info: Driver file: pdftex.def on input line 225.
Package xcolor Info: Model `cmy' substituted by `cmy0' on input line 1348.
Package xcolor Info: Model `hsb' substituted by `rgb' on input line 1352.
Package xcolor Info: Model `RGB' extended on input line 1364.
Package xcolor Info: Model `HTML' substituted by `rgb' on input line 1366.
Package xcolor Info: Model `Hsb' substituted by `hsb' on input line 1367.
Package xcolor Info: Model `tHsb' substituted by `hsb' on input line 1368.
Package xcolor Info: Model `HSB' substituted by `hsb' on input line 1369.
Package xcolor Info: Model `Gray' substituted by `gray' on input line 1370.
Package xcolor Info: Model `wave' substituted by `hsb' on input line 1371.
)
("C:\Program Files\MiKTeX 2.9\tex\latex\koma-script\scrextend.sty"
Package: scrextend 2017/01/03 v3.22 KOMA-Script package (extend other classes w
ith features of KOMA-Script classes)

("C:\Program Files\MiKTeX 2.9\tex\latex\koma-script\scrkbase.sty"
Package: scrkbase 2017/01/03 v3.22 KOMA-Script package (KOMA-Script-dependent b
asics and keyval usage)

("C:\Program Files\MiKTeX 2.9\tex\latex\koma-script\scrbase.sty"
Package: scrbase 2017/01/03 v3.22 KOMA-Script package (KOMA-Script-independent 
basics and keyval usage)

("C:\Program Files\MiKTeX 2.9\tex\latex\koma-script\scrlfile.sty"
Package: scrlfile 2017/01/03 v3.22 KOMA-Script package (loading files)

Package scrlfile, 2017/01/03 v3.22 KOMA-Script package (loading files)
                  Copyright (C) Markus Kohm

)))

LaTeX Warning: Command \@footnotemark  has changed.
               Check if current package is valid.

LaTeX Info: Redefining \textsubscript on input line 1294.
) ("C:\Program Files\MiKTeX 2.9\tex\latex\textpos\textpos.sty"
Package: textpos 2016/06/07 v1.8

Package: textpos 2016/06/07 1.8, absolute positioning of text on the page
("C:\Program Files\MiKTeX 2.9\tex\latex\ms\everyshi.sty"
Package: everyshi 2001/05/15 v3.00 EveryShipout Package (MS)
)
\TP@textbox=\box30
\TP@holdbox=\box31
\TPHorizModule=\dimen127
\TPVertModule=\dimen128
\TP@margin=\dimen129
\TP@absmargin=\dimen130

Grid set 16 x 16 = 37.34424pt x 52.81541pt
\TPboxrulesize=\dimen131
\TP@ox=\dimen132
\TP@oy=\dimen133
\TP@tbargs=\toks31
\TP@prevdepth=\dimen134
TextBlockOrigin set to 0pt x 0pt
) ("C:\Program Files\MiKTeX 2.9\tex\latex\mathtools\mathtools.sty"
Package: mathtools 2015/11/12 v1.18 mathematical typesetting tools

("C:\Program Files\MiKTeX 2.9\tex\latex\tools\calc.sty"
Package: calc 2014/10/28 v4.3 Infix arithmetic (KKT,FJ)
\calc@Acount=\count148
\calc@Bcount=\count149
\calc@Adimen=\dimen135
\calc@Bdimen=\dimen136
\calc@Askip=\skip92
\calc@Bskip=\skip93
LaTeX Info: Redefining \setlength on input line 80.
LaTeX Info: Redefining \addtolength on input line 81.
\calc@Ccount=\count150
\calc@Cskip=\skip94
)
("C:\Program Files\MiKTeX 2.9\tex\latex\mathtools\mhsetup.sty"
Package: mhsetup 2010/01/21 v1.2a programming setup (MH)
)
LaTeX Info: Thecontrolsequence`\('isalreadyrobust on input line 129.
LaTeX Info: Thecontrolsequence`\)'isalreadyrobust on input line 129.
LaTeX Info: Thecontrolsequence`\['isalreadyrobust on input line 129.
LaTeX Info: Thecontrolsequence`\]'isalreadyrobust on input line 129.
\g_MT_multlinerow_int=\count151
\l_MT_multwidth_dim=\dimen137
\origjot=\skip95
\l_MT_shortvdotswithinadjustabove_dim=\dimen138
\l_MT_shortvdotswithinadjustbelow_dim=\dimen139
\l_MT_above_intertext_sep=\dimen140
\l_MT_below_intertext_sep=\dimen141
\l_MT_above_shortintertext_sep=\dimen142
\l_MT_below_shortintertext_sep=\dimen143
)
("C:\Program Files\MiKTeX 2.9\tex\latex\titlesec\titlesec.sty"
Package: titlesec 2016/03/21 v2.10.2 Sectioning titles
\ttl@box=\box32
\beforetitleunit=\skip96
\aftertitleunit=\skip97
\ttl@plus=\dimen144
\ttl@minus=\dimen145
\ttl@toksa=\toks32
\titlewidth=\dimen146
\titlewidthlast=\dimen147
\titlewidthfirst=\dimen148
)
("C:\Program Files\MiKTeX 2.9\tex\latex\lipsum\lipsum.sty"
Package: lipsum 2014/07/27 v1.3 150 paragraphs of Lorem Ipsum dummy text
\c@lips@count=\count152
)
("C:\Program Files\MiKTeX 2.9\tex\latex\framed\framed.sty"
Package: framed 2011/10/22 v 0.96: framed or shaded text with page breaks
\OuterFrameSep=\skip98
\fb@frw=\dimen149
\fb@frh=\dimen150
\FrameRule=\dimen151
\FrameSep=\dimen152
)
("C:\Program Files\MiKTeX 2.9\tex\latex\tools\longtable.sty"
Package: longtable 2014/10/28 v4.11 Multi-page Table package (DPC)
\LTleft=\skip99
\LTright=\skip100
\LTpre=\skip101
\LTpost=\skip102
\LTchunksize=\count153
\LTcapwidth=\dimen153
\LT@head=\box33
\LT@firsthead=\box34
\LT@foot=\box35
\LT@lastfoot=\box36
\LT@cols=\count154
\LT@rows=\count155
\c@LT@tables=\count156
\c@LT@chunks=\count157
\LT@p@ftn=\toks33
)
("C:\Program Files\MiKTeX 2.9\tex\latex\ltxmisc\varwidth.sty"
Package: varwidth 2009/03/30 ver 0.92;  Variable-width minipages
\@vwid@box=\box37
\sift@deathcycles=\count158
\@vwid@loff=\dimen154
\@vwid@roff=\dimen155
)
("C:\Program Files\MiKTeX 2.9\tex\latex\tools\array.sty"
Package: array 2016/10/06 v2.4d Tabular extension package (FMi)
\col@sep=\dimen156
\extrarowheight=\dimen157
\NC@list=\toks34
\extratabsurround=\skip103
\backup@length=\skip104
)
("C:\Program Files\MiKTeX 2.9\tex\latex\adjustbox\adjustbox.sty"
Package: adjustbox 2012/05/21 v1.0 Adjusting TeX boxes (trim, clip, ...)

("C:\Program Files\MiKTeX 2.9\tex\latex\adjustbox\adjcalc.sty"
Package: adjcalc 2012/05/16 v1.1 Provides advanced setlength with multiple back
-ends (calc, etex, pgfmath)
)
("C:\Program Files\MiKTeX 2.9\tex\latex\adjustbox\trimclip.sty"
Package: trimclip 2012/05/16 v1.0 Trim and clip general TeX material

("C:\Program Files\MiKTeX 2.9\tex\latex\collectbox\collectbox.sty"
Package: collectbox 2012/05/17 v0.4b Collect macro arguments as boxes
\collectedbox=\box38
)
\tc@llx=\dimen158
\tc@lly=\dimen159
\tc@urx=\dimen160
\tc@ury=\dimen161
Package trimclip Info: Using driver 'tc-pdftex.def'.

("C:\Program Files\MiKTeX 2.9\tex\latex\adjustbox\tc-pdftex.def"
File: tc-pdftex.def 2012/05/13 v1.0 Clipping driver for pdftex
))
\adjbox@Width=\dimen162
\adjbox@Height=\dimen163
\adjbox@Depth=\dimen164
\adjbox@Totalheight=\dimen165

("C:\Program Files\MiKTeX 2.9\tex\latex\ifoddpage\ifoddpage.sty"
Package: ifoddpage 2016/04/23 v1.1 Conditionals for odd/even page detection
\c@checkoddpage=\count159
))
("C:\Program Files\MiKTeX 2.9\tex\latex\booktabs\booktabs.sty"
Package: booktabs 2005/04/14 v1.61803 publication quality tables
\heavyrulewidth=\dimen166
\lightrulewidth=\dimen167
\cmidrulewidth=\dimen168
\belowrulesep=\dimen169
\belowbottomsep=\dimen170
\aboverulesep=\dimen171
\abovetopsep=\dimen172
\cmidrulesep=\dimen173
\cmidrulekern=\dimen174
\defaultaddspace=\dimen175
\@cmidla=\count160
\@cmidlb=\count161
\@aboverulesep=\dimen176
\@belowrulesep=\dimen177
\@thisruleclass=\count162
\@lastruleclass=\count163
\@thisrulewidth=\dimen178
)
("C:\Program Files\MiKTeX 2.9\tex\latex\mdframed\mdframed.sty"
Package: mdframed 2013/07/01 1.9b: mdframed

("C:\Program Files\MiKTeX 2.9\tex\latex\l3packages\xparse\xparse.sty"
("C:\Program Files\MiKTeX 2.9\tex\latex\l3kernel\expl3.sty"
Package: expl3 2017/04/01 L3 programming layer (loader) 

("C:\Program Files\MiKTeX 2.9\tex\latex\l3kernel\expl3-code.tex"
Package: expl3 2017/04/01 L3 programming layer (code)
\c_max_int=\count164
\l_tmpa_int=\count165
\l_tmpb_int=\count166
\g_tmpa_int=\count167
\g_tmpb_int=\count168
\g__prg_map_int=\count169
\c_log_iow=\count170
\l_iow_line_count_int=\count171
\l__iow_line_target_int=\count172
\l__iow_one_indent_int=\count173
\l__iow_indent_int=\count174
\c_zero_dim=\dimen179
\c_max_dim=\dimen180
\l_tmpa_dim=\dimen181
\l_tmpb_dim=\dimen182
\g_tmpa_dim=\dimen183
\g_tmpb_dim=\dimen184
\c_zero_skip=\skip105
\c_max_skip=\skip106
\l_tmpa_skip=\skip107
\l_tmpb_skip=\skip108
\g_tmpa_skip=\skip109
\g_tmpb_skip=\skip110
\c_zero_muskip=\muskip12
\c_max_muskip=\muskip13
\l_tmpa_muskip=\muskip14
\l_tmpb_muskip=\muskip15
\g_tmpa_muskip=\muskip16
\g_tmpb_muskip=\muskip17
\l_keys_choice_int=\count175
\c__fp_leading_shift_int=\count176
\c__fp_middle_shift_int=\count177
\c__fp_trailing_shift_int=\count178
\c__fp_big_leading_shift_int=\count179
\c__fp_big_middle_shift_int=\count180
\c__fp_big_trailing_shift_int=\count181
\c__fp_Bigg_leading_shift_int=\count182
\c__fp_Bigg_middle_shift_int=\count183
\c__fp_Bigg_trailing_shift_int=\count184
\c__fp_rand_size_int=\count185
\c__fp_rand_four_int=\count186
\c__fp_rand_eight_int=\count187
\l__sort_length_int=\count188
\l__sort_min_int=\count189
\l__sort_top_int=\count190
\l__sort_max_int=\count191
\l__sort_true_max_int=\count192
\l__sort_block_int=\count193
\l__sort_begin_int=\count194
\l__sort_end_int=\count195
\l__sort_A_int=\count196
\l__sort_B_int=\count197
\l__sort_C_int=\count198
\c_empty_box=\box39
\l_tmpa_box=\box40
\l_tmpb_box=\box41
\g_tmpa_box=\box42
\g_tmpb_box=\box43
\l__coffin_internal_box=\box44
\l__coffin_internal_dim=\dimen185
\l__coffin_offset_x_dim=\dimen186
\l__coffin_offset_y_dim=\dimen187
\l__coffin_x_dim=\dimen188
\l__coffin_y_dim=\dimen189
\l__coffin_x_prime_dim=\dimen190
\l__coffin_y_prime_dim=\dimen191
\c_empty_coffin=\box45
\l__coffin_aligned_coffin=\box46
\l__coffin_aligned_internal_coffin=\box47
\l_tmpa_coffin=\box48
\l_tmpb_coffin=\box49
\l__coffin_display_coffin=\box50
\l__coffin_display_coord_coffin=\box51
\l__coffin_display_pole_coffin=\box52
\l__coffin_display_offset_dim=\dimen192
\l__coffin_display_x_dim=\dimen193
\l__coffin_display_y_dim=\dimen194
\l__box_top_dim=\dimen195
\l__box_bottom_dim=\dimen196
\l__box_left_dim=\dimen197
\l__box_right_dim=\dimen198
\l__box_top_new_dim=\dimen199
\l__box_bottom_new_dim=\dimen256
\l__box_left_new_dim=\dimen257
\l__box_right_new_dim=\dimen258
\l__box_internal_box=\box53
\l__coffin_bounding_shift_dim=\dimen259
\l__coffin_left_corner_dim=\dimen260
\l__coffin_right_corner_dim=\dimen261
\l__coffin_bottom_corner_dim=\dimen262
\l__coffin_top_corner_dim=\dimen263
\l__coffin_scaled_total_height_dim=\dimen264
\l__coffin_scaled_width_dim=\dimen265
)
("C:\Program Files\MiKTeX 2.9\tex\latex\l3kernel\l3pdfmode.def"
File: l3pdfmode.def 2017/03/18 v L3 Experimental driver: PDF mode
\l__driver_color_stack_int=\count199
\l__driver_tmp_box=\box54
))
Package: xparse 2017/04/01 L3 Experimental document command parser
\l__xparse_current_arg_int=\count266
\g__xparse_grabber_int=\count267
\l__xparse_m_args_int=\count268
\l__xparse_mandatory_args_int=\count269
\l__xparse_v_nesting_int=\count270
)
("C:\Program Files\MiKTeX 2.9\tex\latex\oberdiek\zref-abspage.sty"
Package: zref-abspage 2016/05/21 v2.26 Module abspage for zref (HO)

("C:\Program Files\MiKTeX 2.9\tex\latex\oberdiek\zref-base.sty"
Package: zref-base 2016/05/21 v2.26 Module base for zref (HO)
Package zref Info: New property list: main on input line 759.
Package zref Info: New property: default on input line 760.
Package zref Info: New property: page on input line 761.
)
\c@abspage=\count271
Package zref Info: New property: abspage on input line 62.
)
("C:\Program Files\MiKTeX 2.9\tex\latex\needspace\needspace.sty"
Package: needspace 2010/09/12 v1.3d reserve vertical space
)
\mdf@templength=\skip111
\c@mdf@globalstyle@cnt=\count272
\mdf@skipabove@length=\skip112
\mdf@skipbelow@length=\skip113
\mdf@leftmargin@length=\skip114
\mdf@rightmargin@length=\skip115
\mdf@innerleftmargin@length=\skip116
\mdf@innerrightmargin@length=\skip117
\mdf@innertopmargin@length=\skip118
\mdf@innerbottommargin@length=\skip119
\mdf@splittopskip@length=\skip120
\mdf@splitbottomskip@length=\skip121
\mdf@outermargin@length=\skip122
\mdf@innermargin@length=\skip123
\mdf@linewidth@length=\skip124
\mdf@innerlinewidth@length=\skip125
\mdf@middlelinewidth@length=\skip126
\mdf@outerlinewidth@length=\skip127
\mdf@roundcorner@length=\skip128
\mdf@footenotedistance@length=\skip129
\mdf@userdefinedwidth@length=\skip130
\mdf@needspace@length=\skip131
\mdf@frametitleaboveskip@length=\skip132
\mdf@frametitlebelowskip@length=\skip133
\mdf@frametitlerulewidth@length=\skip134
\mdf@frametitleleftmargin@length=\skip135
\mdf@frametitlerightmargin@length=\skip136
\mdf@shadowsize@length=\skip137
\mdf@extratopheight@length=\skip138
\mdf@subtitleabovelinewidth@length=\skip139
\mdf@subtitlebelowlinewidth@length=\skip140
\mdf@subtitleaboveskip@length=\skip141
\mdf@subtitlebelowskip@length=\skip142
\mdf@subtitleinneraboveskip@length=\skip143
\mdf@subtitleinnerbelowskip@length=\skip144
\mdf@subsubtitleabovelinewidth@length=\skip145
\mdf@subsubtitlebelowlinewidth@length=\skip146
\mdf@subsubtitleaboveskip@length=\skip147
\mdf@subsubtitlebelowskip@length=\skip148
\mdf@subsubtitleinneraboveskip@length=\skip149
\mdf@subsubtitleinnerbelowskip@length=\skip150

("C:\Program Files\MiKTeX 2.9\tex\latex\mdframed\md-frame-0.mdf"
File: md-frame-0.mdf 2013/07/01\ 1.9b: md-frame-0
)
\mdf@frametitlebox=\box55
\mdf@footnotebox=\box56
\mdf@splitbox@one=\box57
\mdf@splitbox@two=\box58
\mdf@splitbox@save=\box59
\mdfsplitboxwidth=\skip151
\mdfsplitboxtotalwidth=\skip152
\mdfsplitboxheight=\skip153
\mdfsplitboxdepth=\skip154
\mdfsplitboxtotalheight=\skip155
\mdfframetitleboxwidth=\skip156
\mdfframetitleboxtotalwidth=\skip157
\mdfframetitleboxheight=\skip158
\mdfframetitleboxdepth=\skip159
\mdfframetitleboxtotalheight=\skip160
\mdffootnoteboxwidth=\skip161
\mdffootnoteboxtotalwidth=\skip162
\mdffootnoteboxheight=\skip163
\mdffootnoteboxdepth=\skip164
\mdffootnoteboxtotalheight=\skip165
\mdftotallinewidth=\skip166
\mdfboundingboxwidth=\skip167
\mdfboundingboxtotalwidth=\skip168
\mdfboundingboxheight=\skip169
\mdfboundingboxdepth=\skip170
\mdfboundingboxtotalheight=\skip171
\mdf@freevspace@length=\skip172
\mdf@horizontalwidthofbox@length=\skip173
\mdf@verticalmarginwhole@length=\skip174
\mdf@horizontalspaceofbox=\skip175
\mdfsubtitleheight=\skip176
\mdfsubsubtitleheight=\skip177
\c@mdfcountframes=\count273

****** mdframed patching \endmdf@trivlist

****** -- success******

.................................................
. LaTeX info: "xparse/define-command"
. 
. Defining command \newmdtheoremenv with sig. 'O{} m o m o ' on line 601.
.................................................
.................................................
. LaTeX info: "xparse/define-command"
. 
. Defining command \mdtheorem with sig. ' O{} m o m o ' on line 701.
.................................................
\mdf@envdepth=\count274
\c@mdf@env@i=\count275
\c@mdf@env@ii=\count276
\c@mdf@zref@counter=\count277
Package zref Info: New property: mdf@pagevalue on input line 895.
))
\@input{report.macros.aux}
\openout2 = `report.macros.aux'.

(report.macros.tex) (report.main.aux (report.info.aux))
\openout1 = `report.main.aux'.

LaTeX Font Info:    Checking defaults for OML/cmm/m/it on input line 11.
LaTeX Font Info:    ... okay on input line 11.
LaTeX Font Info:    Checking defaults for T1/cmr/m/n on input line 11.
LaTeX Font Info:    ... okay on input line 11.
LaTeX Font Info:    Checking defaults for OT1/cmr/m/n on input line 11.
LaTeX Font Info:    ... okay on input line 11.
LaTeX Font Info:    Checking defaults for OMS/cmsy/m/n on input line 11.
LaTeX Font Info:    ... okay on input line 11.
LaTeX Font Info:    Checking defaults for OMX/cmex/m/n on input line 11.
LaTeX Font Info:    ... okay on input line 11.
LaTeX Font Info:    Checking defaults for U/cmr/m/n on input line 11.
LaTeX Font Info:    ... okay on input line 11.
LaTeX Font Info:    Checking defaults for PD1/pdf/m/n on input line 11.
LaTeX Font Info:    ... okay on input line 11.

("C:\Program Files\MiKTeX 2.9\tex\context\base\supp-pdf.mkii"
[Loading MPS to PDF converter (version 2006.09.02).]
\scratchcounter=\count278
\scratchdimen=\dimen266
\scratchbox=\box60
\nofMPsegments=\count279
\nofMParguments=\count280
\everyMPshowfont=\toks35
\MPscratchCnt=\count281
\MPscratchDim=\dimen267
\MPnumerator=\count282
\makeMPintoPDFobject=\count283
\everyMPtoPDFconversion=\toks36
)
Package lastpage Info: Please have a look at the pageslts package at
(lastpage)             https://www.ctan.org/pkg/pageslts
(lastpage)             ! on input line 11.
\AtBeginShipoutBox=\box61
Package hyperref Info: Link coloring ON on input line 11.
 ("C:\Program Files\MiKTeX 2.9\tex\latex\hyperref\nameref.sty"
Package: nameref 2016/05/21 v2.44 Cross-referencing by name of section

("C:\Program Files\MiKTeX 2.9\tex\generic\oberdiek\gettitlestring.sty"
Package: gettitlestring 2016/05/16 v1.5 Cleanup title references (HO)
)
\c@section@level=\count284
)
LaTeX Info: Redefining \ref on input line 11.
LaTeX Info: Redefining \pageref on input line 11.
LaTeX Info: Redefining \nameref on input line 11.

(report.main.out) (report.main.out)
\@outlinefile=\write4
\openout4 = `report.main.out'.

Package caption Info: Begin \AtBeginDocument code.
Package caption Info: longtable package is loaded.

("C:\Program Files\MiKTeX 2.9\tex\latex\caption\ltcaption.sty"
Package: ltcaption 2013/06/09 v1.4-94 longtable captions (AR)
)
Package caption Info: End \AtBeginDocument code.

ABD: EveryShipout initializing macros
\openout2 = `report.info.aux'.

 (report.info.tex
Package epstopdf Info: Source file: <figures/0.Title/FEUP.eps>
(epstopdf)                    date: 2016-06-09 00:51:01
(epstopdf)                    size: 722750 bytes
(epstopdf)             Output file: <figures/0.Title/FEUP-eps-converted-to.pdf>

(epstopdf)                    date: 2016-06-09 00:51:20
(epstopdf)                    size: 24801 bytes
(epstopdf)             Command: <epstopdf --outfile=figures/0.Title/FEUP-eps-co
nverted-to.pdf figures/0.Title/FEUP.eps>
(epstopdf)             \includegraphics on input line 22.
Package epstopdf Info: Output file is already uptodate.

<figures/0.Title/FEUP-eps-converted-to.pdf, id=243, 563.10374pt x 174.6525pt>
File: figures/0.Title/FEUP-eps-converted-to.pdf Graphic file (type pdf)

<use figures/0.Title/FEUP-eps-converted-to.pdf>
Package pdftex.def Info: figures/0.Title/FEUP-eps-converted-to.pdf used on inpu
t line 22.
(pdftex.def)             Requested size: 253.39435pt x 78.5929pt.
LaTeX Font Info:    Try loading font information for U+msa on input line 55.

("C:\Program Files\MiKTeX 2.9\tex\latex\amsfonts\umsa.fd"
File: umsa.fd 2013/01/14 v3.01 AMS symbols A
)
LaTeX Font Info:    Try loading font information for U+msb on input line 55.

("C:\Program Files\MiKTeX 2.9\tex\latex\amsfonts\umsb.fd"
File: umsb.fd 2013/01/14 v3.01 AMS symbols B
) [1




{C:/ProgramData/MiKTeX/2.9/pdftex/config/pdftex.map} <./figures/0.Title/FEUP-ep
s-converted-to.pdf>] [2



] (report.main.toc
Package acronym Info: Label `acro:KPI' newly defined as it shall be overridden
although it is yet undefined on input line 51.
Package acronym Info: Label `acro:DSS' newly defined as it shall be overridden
although it is yet undefined on input line 59.
Package acronym Info: Label `acro:WSN' newly defined as it shall be overridden
although it is yet undefined on input line 64.
 [3


]
Package acronym Info: Label `acro:RTS' newly defined as it shall be overridden
although it is yet undefined on input line 76.
)
\tf@toc=\write5
\openout5 = `report.main.toc'.

 [4] (report.main.lof
Package acronym Info: Label `acro:DC' newly defined as it shall be overridden
although it is yet undefined on input line 7.
Package acronym Info: Label `acro:AC' newly defined as it shall be overridden
although it is yet undefined on input line 11.
Package acronym Info: Label `acro:EMS' newly defined as it shall be overridden
although it is yet undefined on input line 26.
 [5




])
\tf@lof=\write6
\openout6 = `report.main.lof'.

 [6] (report.main.lot)
\tf@lot=\write7
\openout7 = `report.main.lot'.

)
[7




] (chapters/A.acronyms.tex [8



]) [9] [10


]
Chapter 1.
(chapters/1.Introduction.tex
Package acronym Info: Label `acro:S2R' newly defined as it shall be overridden
although it is yet undefined on input line 16.
LaTeX Font Info:    Try loading font information for OMS+cmr on input line 20.

("C:\Program Files\MiKTeX 2.9\tex\latex\base\omscmr.fd"
File: omscmr.fd 2014/09/29 v2.5h Standard LaTeX font definitions
)
LaTeX Font Info:    Font shape `OMS/cmr/m/n' in size <10.95> not available
(Font)              Font shape `OMS/cmsy/m/n' tried instead on input line 20.
Package acronym Info: Label `acro:IP3' newly defined as it shall be overridden
although it is yet undefined on input line 31.
Package acronym Info: Label `acro:SMD' newly defined as it shall be overridden
although it is yet undefined on input line 31.

<figures/1.Intro/IPs.jpg, id=491, 602.25pt x 332.24126pt>
File: figures/1.Intro/IPs.jpg Graphic file (type jpg)

<use figures/1.Intro/IPs.jpg>
Package pdftex.def Info: figures/1.Intro/IPs.jpg used on input line 35.
(pdftex.def)             Requested size: 265.59494pt x 146.52626pt.


LaTeX Warning: `!h' float specifier changed to `!ht'.

[1] [2 <./figures/1.Intro/IPs.jpg>]) [3] [4


]
Chapter 2.
(chapters/2.Objectives.tex
Package acronym Info: Label `acro:EU' newly defined as it shall be overridden
although it is yet undefined on input line 12.
 [5]
Package acronym Info: Label `acro:LTE' newly defined as it shall be overridden
although it is yet undefined on input line 74.
) [6]
Chapter 3.
(chapters/3.Literature.tex) (chapters/31.PowerS.tex
Package acronym Info: Label `acro:IGBT' newly defined as it shall be overridden

although it is yet undefined on input line 18.
 (tables/31.overview.tex
Underfull \hbox (badness 1117) in paragraph at lines 10--10
[]|\OT1/cmr/m/n/9 600V DC, 750V DC,
 []

) <figures/31.PowerS/abad2016.pdf, id=539, 313.65181pt x 317.12076pt>
File: figures/31.PowerS/abad2016.pdf Graphic file (type pdf)

<use figures/31.PowerS/abad2016.pdf>
Package pdftex.def Info: figures/31.PowerS/abad2016.pdf used on input line 30.
(pdftex.def)             Requested size: 309.85626pt x 313.30695pt.


LaTeX Warning: `!h' float specifier changed to `!ht'.

[7


] <figures/31.PowerS/abad2016f.pdf, id=548, 296.31424pt x 172.46414pt>
File: figures/31.PowerS/abad2016f.pdf Graphic file (type pdf)

<use figures/31.PowerS/abad2016f.pdf>
Package pdftex.def Info: figures/31.PowerS/abad2016f.pdf used on input line 88.

(pdftex.def)             Requested size: 247.88594pt x 144.27678pt.


LaTeX Warning: `!h' float specifier changed to `!ht'.

[8 <./figures/31.PowerS/abad2016.pdf>]
<figures/31.PowerS/abad2016d.pdf, id=564, 369.23532pt x 127.32253pt>
File: figures/31.PowerS/abad2016d.pdf Graphic file (type pdf)

<use figures/31.PowerS/abad2016d.pdf>
Package pdftex.def Info: figures/31.PowerS/abad2016d.pdf used on input line 108
.
(pdftex.def)             Requested size: 247.88594pt x 85.4766pt.

<figures/31.PowerS/abad2016e.pdf, id=568, 373.86523pt x 144.6847pt>
File: figures/31.PowerS/abad2016e.pdf Graphic file (type pdf)

<use figures/31.PowerS/abad2016e.pdf>
Package pdftex.def Info: figures/31.PowerS/abad2016e.pdf used on input line 124
.
(pdftex.def)             Requested size: 247.88594pt x 95.93152pt.
 [9 <./figures/31.PowerS/abad2016f.pdf> <./figures/31.PowerS/abad2016d.pdf

pdfTeX warning: pdflatex.exe (file ./figures/31.PowerS/abad2016d.pdf): PDF incl
usion: multiple pdfs with page group included in a single page
> <./figures/31.PowerS/abad2016e.pdf

pdfTeX warning: pdflatex.exe (file ./figures/31.PowerS/abad2016e.pdf): PDF incl
usion: multiple pdfs with page group included in a single page
>] <figures/31.PowerS/steimel2008a.pdf, id=596, 192.38274pt x 79.85835pt>
File: figures/31.PowerS/steimel2008a.pdf Graphic file (type pdf)

<use figures/31.PowerS/steimel2008a.pdf>
Package pdftex.def Info: figures/31.PowerS/steimel2008a.pdf used on input line 
169.
(pdftex.def)             Requested size: 247.88594pt x 102.9007pt.

<figures/31.PowerS/steimel2008b.pdf, id=600, 191.22641pt x 77.90706pt>
File: figures/31.PowerS/steimel2008b.pdf Graphic file (type pdf)

<use figures/31.PowerS/steimel2008b.pdf>
Package pdftex.def Info: figures/31.PowerS/steimel2008b.pdf used on input line 
185.
(pdftex.def)             Requested size: 247.88594pt x 100.99382pt.

<figures/31.PowerS/steimel2008c.pdf, id=604, 199.89882pt x 63.95895pt>
File: figures/31.PowerS/steimel2008c.pdf Graphic file (type pdf)

<use figures/31.PowerS/steimel2008c.pdf>
Package pdftex.def Info: figures/31.PowerS/steimel2008c.pdf used on input line 
203.
(pdftex.def)             Requested size: 247.88594pt x 79.3151pt.


LaTeX Warning: `!h' float specifier changed to `!ht'.

[10 <./figures/31.PowerS/steimel2008a.pdf> <./figures/31.PowerS/steimel2008b.pd
f

pdfTeX warning: pdflatex.exe (file ./figures/31.PowerS/steimel2008b.pdf): PDF i
nclusion: multiple pdfs with page group included in a single page
>] <figures/31.PowerS/train_finale.png, id=625, 9199.36874pt x 5393.14874pt>
File: figures/31.PowerS/train_finale.png Graphic file (type png)

<use figures/31.PowerS/train_finale.png>
Package pdftex.def Info: figures/31.PowerS/train_finale.png used on input line 
218.
(pdftex.def)             Requested size: 442.65375pt x 259.46893pt.
 [11 <./figures/31.PowerS/steimel2008c.pdf> <./figures/31.PowerS/train_finale.p
ng (PNG copy)>]
Package acronym Info: Label `acro:GTO' newly defined as it shall be overridden
although it is yet undefined on input line 250.
) [12]
(chapters/32.EnergyS.tex
<figures/32.EnergyS/traction.pdf, id=647, 321.69786pt x 174.56017pt>
File: figures/32.EnergyS/traction.pdf Graphic file (type pdf)

<use figures/32.EnergyS/traction.pdf>
Package pdftex.def Info: figures/32.EnergyS/traction.pdf used on input line 25.

(pdftex.def)             Requested size: 212.4719pt x 115.29262pt.

<figures/32.EnergyS/generation.pdf, id=648, 321.69786pt x 174.56017pt>
File: figures/32.EnergyS/generation.pdf Graphic file (type pdf)

<use figures/32.EnergyS/generation.pdf>
Package pdftex.def Info: figures/32.EnergyS/generation.pdf used on input line 3
3.
(pdftex.def)             Requested size: 212.4719pt x 115.29262pt.

<figures/32.EnergyS/liran2014.pdf, id=651, 230.90265pt x 137.45753pt>
File: figures/32.EnergyS/liran2014.pdf Graphic file (type pdf)

<use figures/32.EnergyS/liran2014.pdf>
Package pdftex.def Info: figures/32.EnergyS/liran2014.pdf used on input line 50
.
(pdftex.def)             Requested size: 258.94824pt x 154.1695pt.


LaTeX Warning: `!h' float specifier changed to `!ht'.

[13 <./figures/32.EnergyS/traction.pdf> <./figures/32.EnergyS/generation.pdf>]
<figures/32.EnergyS/current_t.pdf, id=682, 162.46297pt x 191.37097pt>
File: figures/32.EnergyS/current_t.pdf Graphic file (type pdf)

<use figures/32.EnergyS/current_t.pdf>
Package pdftex.def Info: figures/32.EnergyS/current_t.pdf used on input line 85
.
(pdftex.def)             Requested size: 63.74315pt x 75.08406pt.

<figures/32.EnergyS/voltage_t.pdf, id=683, 130.37508pt x 192.81636pt>
File: figures/32.EnergyS/voltage_t.pdf Graphic file (type pdf)

<use figures/32.EnergyS/voltage_t.pdf>
Package pdftex.def Info: figures/32.EnergyS/voltage_t.pdf used on input line 93
.
(pdftex.def)             Requested size: 49.7982pt x 73.64755pt.
Package acronym Info: Label `acro:RUs' newly defined as it shall be overridden
although it is yet undefined on input line 106.
 [14 <./figures/32.EnergyS/liran2014.pdf> <./figures/32.EnergyS/current_t.pdf

pdfTeX warning: pdflatex.exe (file ./figures/32.EnergyS/current_t.pdf): PDF inc
lusion: multiple pdfs with page group included in a single page
> <./figures/32.EnergyS/voltage_t.pdf

pdfTeX warning: pdflatex.exe (file ./figures/32.EnergyS/voltage_t.pdf): PDF inc
lusion: multiple pdfs with page group included in a single page
>]
Overfull \hbox (3.4761pt too wide) in paragraph at lines 117--118
[]\OT1/cmr/m/n/10.95 This stan-dard de-fines the as-pects of tem-per-a-ture, hu
-mid-ity, shock,
 []

Package acronym Info: Label `acro:GPS' newly defined as it shall be overridden
although it is yet undefined on input line 121.
Package acronym Info: Label `acro:TCMS' newly defined as it shall be overridden

although it is yet undefined on input line 121.
<figures/32.EnergyS/ecos.pdf, id=711, 190.35918pt x 195.77943pt>
File: figures/32.EnergyS/ecos.pdf Graphic file (type pdf)

<use figures/32.EnergyS/ecos.pdf>
Package pdftex.def Info: figures/32.EnergyS/ecos.pdf used on input line 132.
(pdftex.def)             Requested size: 123.94568pt x 127.47916pt.
 [15 <./figures/32.EnergyS/ecos.pdf>]
<figures/32.EnergyS/energy_calculation.pdf, id=733, 424.36943pt x 283.87657pt>
File: figures/32.EnergyS/energy_calculation.pdf Graphic file (type pdf)

<use figures/32.EnergyS/energy_calculation.pdf>
Package pdftex.def Info: figures/32.EnergyS/energy_calculation.pdf used on inpu
t line 151.
(pdftex.def)             Requested size: 354.12434pt x 236.89964pt.
) [16 <./figures/32.EnergyS/energy_calculation.pdf>] (chapters/33.WirelessN.tex
Package acronym Info: Label `acro:IP' newly defined as it shall be overridden
although it is yet undefined on input line 19.

<figures/33.WirelessN/comer2008.pdf, id=754, 387.94536pt x 207.27036pt>
File: figures/33.WirelessN/comer2008.pdf Graphic file (type pdf)

<use figures/33.WirelessN/comer2008.pdf>
Package pdftex.def Info: figures/33.WirelessN/comer2008.pdf used on input line 
23.
(pdftex.def)             Requested size: 354.12434pt x 189.2014pt.
Package acronym Info: Label `acro:PLC' newly defined as it shall be overridden
although it is yet undefined on input line 31.
 [17 <./figures/33.WirelessN/comer2008.pdf>]
Package acronym Info: Label `acro:WLAN' newly defined as it shall be overridden

although it is yet undefined on input line 36.
Package acronym Info: Label `acro:DSSS' newly defined as it shall be overridden

although it is yet undefined on input line 38.
Package acronym Info: Label `acro:OFDM' newly defined as it shall be overridden

although it is yet undefined on input line 38.
Package acronym Info: Label `acro:ISM' newly defined as it shall be overridden
although it is yet undefined on input line 44.
 [18]
Package acronym Info: Label `acro:GSM' newly defined as it shall be overridden
although it is yet undefined on input line 81.
Package acronym Info: Label `acro:GMSK' newly defined as it shall be overridden

although it is yet undefined on input line 81.
Package acronym Info: Label `acro:SG' newly defined as it shall be overridden
although it is yet undefined on input line 81.
Package acronym Info: Label `acro:QoS' newly defined as it shall be overridden
although it is yet undefined on input line 83.
Package acronym Info: Label `acro:MAC' newly defined as it shall be overridden
although it is yet undefined on input line 93.
Package acronym Info: Label `acro:OSI' newly defined as it shall be overridden
although it is yet undefined on input line 93.

<figures/33.WirelessN/nancy2014.png, id=799, 1118.67938pt x 577.40718pt>
File: figures/33.WirelessN/nancy2014.png Graphic file (type png)

<use figures/33.WirelessN/nancy2014.png>
Package pdftex.def Info: figures/33.WirelessN/nancy2014.png used on input line 
98.
(pdftex.def)             Requested size: 464.78778pt x 239.90144pt.

Overfull \hbox (22.13403pt too wide) in paragraph at lines 98--99
 [][] 
 []

[19]
Package acronym Info: Label `acro:PHY' newly defined as it shall be overridden
although it is yet undefined on input line 103.
 <figures/33.WirelessN/radmand2010.png, id=819, 534.49687pt x 352.31625pt>
File: figures/33.WirelessN/radmand2010.png Graphic file (type png)

<use figures/33.WirelessN/radmand2010.png>
Package pdftex.def Info: figures/33.WirelessN/radmand2010.png used on input lin
e 125.
(pdftex.def)             Requested size: 265.59494pt x 175.07175pt.


LaTeX Warning: `!h' float specifier changed to `!ht'.

[20 <./figures/33.WirelessN/nancy2014.png>] [21 <./figures/33.WirelessN/radmand
2010.png>]
<figures/33.WirelessN/simul_VS_emul.png, id=837, 935.495pt x 305.14pt>
File: figures/33.WirelessN/simul_VS_emul.png Graphic file (type png)

<use figures/33.WirelessN/simul_VS_emul.png>
Package pdftex.def Info: figures/33.WirelessN/simul_VS_emul.png used on input l
ine 162.
(pdftex.def)             Requested size: 442.65375pt x 144.38426pt.
 [22 <./figures/33.WirelessN/simul_VS_emul.png>]
Overfull \hbox (9.9326pt too wide) in paragraph at lines 266--267
[]\OT1/cmr/m/n/10.95 This sim-u-la-tor states for be-ing an event-
 []

[23]) [24] (chapters/34.SmartM.tex
Package acronym Info: Label `acro:ICT' newly defined as it shall be overridden
although it is yet undefined on input line 21.
Package acronym Info: Label `acro:AMR' newly defined as it shall be overridden
although it is yet undefined on input line 25.
Package acronym Info: Label `acro:MDMS' newly defined as it shall be overridden

although it is yet undefined on input line 35.
 [25]
Package acronym Info: Label `acro:TSIs' newly defined as it shall be overridden

although it is yet undefined on input line 39.
Package acronym Info: Label `acro:ERA' newly defined as it shall be overridden
although it is yet undefined on input line 39.
Package acronym Info: Label `acro:DCS' newly defined as it shall be overridden
although it is yet undefined on input line 58.
Package acronym Info: Label `acro:EMF' newly defined as it shall be overridden
although it is yet undefined on input line 66.
Package acronym Info: Label `acro:DHS' newly defined as it shall be overridden
although it is yet undefined on input line 67.
 [26]
<figures/34.SmartM/EMS.png, id=889, 813.0375pt x 429.605pt>
File: figures/34.SmartM/EMS.png Graphic file (type png)

<use figures/34.SmartM/EMS.png>
Package pdftex.def Info: figures/34.SmartM/EMS.png used on input line 77.
(pdftex.def)             Requested size: 442.65375pt x 233.89081pt.
Package acronym Info: Label `acro:CEBD' newly defined as it shall be overridden

although it is yet undefined on input line 91.
 [27 <./figures/34.SmartM/EMS.png>]
<figures/34.SmartM/gatti2011.pdf, id=899, 704.3434pt x 345.81194pt>
File: figures/34.SmartM/gatti2011.pdf Graphic file (type pdf)

<use figures/34.SmartM/gatti2011.pdf>
Package pdftex.def Info: figures/34.SmartM/gatti2011.pdf used on input line 117
.
(pdftex.def)             Requested size: 442.65375pt x 217.335pt.
) [28 <./figures/34.SmartM/gatti2011.pdf>] (chapters/35.DSS.tex
Package acronym Info: Label `acro:EETC' newly defined as it shall be overridden

although it is yet undefined on input line 30.
Package acronym Info: Label `acro:EETT' newly defined as it shall be overridden

although it is yet undefined on input line 30.

<figures/35.DSS/scheepmaker2017a.pdf, id=924, 256.41396pt x 152.63423pt>
File: figures/35.DSS/scheepmaker2017a.pdf Graphic file (type pdf)

<use figures/35.DSS/scheepmaker2017a.pdf>
Package pdftex.def Info: figures/35.DSS/scheepmaker2017a.pdf used on input line
 48.
(pdftex.def)             Requested size: 221.32687pt x 131.74963pt.


LaTeX Warning: `!h' float specifier changed to `!ht'.

[29]) [30 <./figures/35.DSS/scheepmaker2017a.pdf>] (chapters/36.OutlierD.tex
Package acronym Info: Label `acro:EMI' newly defined as it shall be overridden
although it is yet undefined on input line 5.

<figures/36.Outlier/general.png, id=955, 3991.91376pt x 2829.57124pt>
File: figures/36.Outlier/general.png Graphic file (type png)

<use figures/36.Outlier/general.png>
Package pdftex.def Info: figures/36.Outlier/general.png used on input line 28.
(pdftex.def)             Requested size: 309.85626pt x 219.6349pt.
 [31 <./figures/36.Outlier/general.png (PNG copy)>]
Overfull \hbox (1.2543pt too wide) in paragraph at lines 42--43
[]\OT1/cmr/m/n/10.95 The De-ci-sion Sup-port Sub-
 []

[32] [33]) [34]
Chapter 4.
(chapters/4.Methodology.tex
<figures/40.Method/pyramid.png, id=1003, 2903.84875pt x 2867.71375pt>
File: figures/40.Method/pyramid.png Graphic file (type png)

<use figures/40.Method/pyramid.png>
Package pdftex.def Info: figures/40.Method/pyramid.png used on input line 19.
(pdftex.def)             Requested size: 132.79747pt x 131.14192pt.

<figures/40.Method/data_flow.png, id=1005, 6516.345pt x 741.77126pt>
File: figures/40.Method/data_flow.png Graphic file (type png)

<use figures/40.Method/data_flow.png>
Package pdftex.def Info: figures/40.Method/data_flow.png used on input line 29.

(pdftex.def)             Requested size: 354.12434pt x 40.30519pt.


LaTeX Warning: `!h' float specifier changed to `!ht'.

[35


 <./figures/40.Method/pyramid.png (PNG copy)>]
Package epstopdf Info: Source file: <figures/40.Method/architecture.eps>
(epstopdf)                    date: 2017-09-29 12:04:34
(epstopdf)                    size: 209998 bytes
(epstopdf)             Output file: <figures/40.Method/architecture-eps-convert
ed-to.pdf>
(epstopdf)                    date: 2017-09-29 12:05:03
(epstopdf)                    size: 130792 bytes
(epstopdf)             Command: <epstopdf --outfile=figures/40.Method/architect
ure-eps-converted-to.pdf figures/40.Method/architecture.eps>
(epstopdf)             \includegraphics on input line 49.
Package epstopdf Info: Output file is already uptodate.

<figures/40.Method/architecture-eps-converted-to.pdf, id=1013, 543.02875pt x 22
3.83624pt>
File: figures/40.Method/architecture-eps-converted-to.pdf Graphic file (type pd
f)
 <use figures/40.Method/architecture-eps-converted-to.pdf>
Package pdftex.def Info: figures/40.Method/architecture-eps-converted-to.pdf us
ed on input line 49.
(pdftex.def)             Requested size: 442.65375pt x 182.46762pt.
 [36 <./figures/40.Method/data_flow.png (PNG copy)> <./figures/40.Method/archit
ecture-eps-converted-to.pdf>]
<figures/40.Method/powerSensing.pdf, id=1044, 7833.265pt x 7924.60625pt>
File: figures/40.Method/powerSensing.pdf Graphic file (type pdf)

<use figures/40.Method/powerSensing.pdf>
Package pdftex.def Info: figures/40.Method/powerSensing.pdf used on input line 
81.
(pdftex.def)             Requested size: 309.85626pt x 313.4236pt.
Package acronym Info: Label `acro:FEM' newly defined as it shall be overridden
although it is yet undefined on input line 98.
 [37 <./figures/40.Method/powerSensing.pdf>]
<figures/40.Method/methodElectrical.pdf, id=1059, 15638.425pt x 7754.9725pt>
File: figures/40.Method/methodElectrical.pdf Graphic file (type pdf)

<use figures/40.Method/methodElectrical.pdf>
Package pdftex.def Info: figures/40.Method/methodElectrical.pdf used on input l
ine 104.
(pdftex.def)             Requested size: 398.38567pt x 197.49477pt.
 [38 <./figures/40.Method/methodElectrical.pdf>]
<figures/40.Method/methodWireless.pdf, id=1079, 9170.26pt x 4653.385pt>
File: figures/40.Method/methodWireless.pdf Graphic file (type pdf)

<use figures/40.Method/methodWireless.pdf>
Package pdftex.def Info: figures/40.Method/methodWireless.pdf used on input lin
e 170.
(pdftex.def)             Requested size: 398.38567pt x 202.15079pt.
 [39 <./figures/40.Method/methodWireless.pdf>] [40] (tables/5.workplan.tex)) [4
1] [42


]
Chapter 5.
(chapters/5.Preliminary.tex
Overfull \hbox (9.16223pt too wide) in paragraph at lines 1--1
|[]\OT1/cmr/bx/n/14.4 Implementation of a point-to-point com-mu-ni-ca-tion be-t
ween
 []

<figures/50.PreliminaryW/porto-caide2.pdf, id=1107, 1923.185pt x 702.625pt>
File: figures/50.PreliminaryW/porto-caide2.pdf Graphic file (type pdf)

<use figures/50.PreliminaryW/porto-caide2.pdf>
Package pdftex.def Info: figures/50.PreliminaryW/porto-caide2.pdf used on input
 line 10.
(pdftex.def)             Requested size: 442.65375pt x 161.71828pt.

<figures/50.PreliminaryW/omnetpp+ns32.png, id=1110, 6887.7325pt x 4886.255pt>
File: figures/50.PreliminaryW/omnetpp+ns32.png Graphic file (type png)

<use figures/50.PreliminaryW/omnetpp+ns32.png>
Package pdftex.def Info: figures/50.PreliminaryW/omnetpp+ns32.png used on input
 line 23.
(pdftex.def)             Requested size: 376.25838pt x 266.91818pt.


LaTeX Warning: `!h' float specifier changed to `!ht'.

[43 <./figures/50.PreliminaryW/porto-caide2.pdf>]
<figures/50.PreliminaryW/distance-rate.pdf, id=1138, 1910.13625pt x 878.28125pt
>
File: figures/50.PreliminaryW/distance-rate.pdf Graphic file (type pdf)
 <use figures/50.PreliminaryW/distance-rate.pdf>
Package pdftex.def Info: figures/50.PreliminaryW/distance-rate.pdf used on inpu
t line 33.
(pdftex.def)             Requested size: 442.65375pt x 203.5282pt.

Underfull \vbox (badness 10000) has occurred while \output is active []

 [44 <./figures/50.PreliminaryW/omnetpp+ns32.png (PNG copy)> <./figures/50.Prel
iminaryW/distance-rate.pdf>]
<figures/50.PreliminaryW/voltage_sensor.jpg, id=1156, 730.22812pt x 508.90125pt
>
File: figures/50.PreliminaryW/voltage_sensor.jpg Graphic file (type jpg)
 <use figures/50.PreliminaryW/voltage_sensor.jpg>
Package pdftex.def Info: figures/50.PreliminaryW/voltage_sensor.jpg used on inp
ut line 68.
(pdftex.def)             Requested size: 139.43436pt x 97.17368pt.

<figures/50.PreliminaryW/voltage_sensor_eq.pdf, id=1157, 148.94847pt x 92.57787
pt>
File: figures/50.PreliminaryW/voltage_sensor_eq.pdf Graphic file (type pdf)
 <use figures/50.PreliminaryW/voltage_sensor_eq.pdf>
Package pdftex.def Info: figures/50.PreliminaryW/voltage_sensor_eq.pdf used on 
input line 76.
(pdftex.def)             Requested size: 159.35486pt x 99.05167pt.
Package acronym Info: Label `acro:VSC' newly defined as it shall be overridden
although it is yet undefined on input line 84.

<figures/50.PreliminaryW/scope_0.png, id=1160, 803.0pt x 504.88625pt>
File: figures/50.PreliminaryW/scope_0.png Graphic file (type png)

<use figures/50.PreliminaryW/scope_0.png>
Package pdftex.def Info: figures/50.PreliminaryW/scope_0.png used on input line
 92.
(pdftex.def)             Requested size: 199.19283pt x 125.24284pt.

<figures/50.PreliminaryW/scope_2.png, id=1161, 803.0pt x 504.88625pt>
File: figures/50.PreliminaryW/scope_2.png Graphic file (type png)

<use figures/50.PreliminaryW/scope_2.png>
Package pdftex.def Info: figures/50.PreliminaryW/scope_2.png used on input line
 100.
(pdftex.def)             Requested size: 199.19283pt x 125.24284pt.


LaTeX Warning: `!h' float specifier changed to `!ht'.

[45 <./figures/50.PreliminaryW/voltage_sensor.jpg> <./figures/50.PreliminaryW/v
oltage_sensor_eq.pdf>]
<figures/50.PreliminaryW/generalArchitecture.pdf, id=1179, 9415.175pt x 3013.25
75pt>
File: figures/50.PreliminaryW/generalArchitecture.pdf Graphic file (type pdf)
 <use figures/50.PreliminaryW/generalArchitecture.pdf>
Package pdftex.def Info: figures/50.PreliminaryW/generalArchitecture.pdf used o
n input line 121.
(pdftex.def)             Requested size: 309.85626pt x 99.12975pt.

<figures/50.PreliminaryW/processingArchitecture.pdf, id=1181, 13415.11874pt x 2
167.09625pt>
File: figures/50.PreliminaryW/processingArchitecture.pdf Graphic file (type pdf
)
 <use figures/50.PreliminaryW/processingArchitecture.pdf>
Package pdftex.def Info: figures/50.PreliminaryW/processingArchitecture.pdf use
d on input line 132.
(pdftex.def)             Requested size: 442.65375pt x 71.49124pt.


LaTeX Warning: `!h' float specifier changed to `!ht'.

[46 <./figures/50.PreliminaryW/scope_0.png (PNG copy)> <./figures/50.Preliminar
yW/scope_2.png (PNG copy)> <./figures/50.PreliminaryW/generalArchitecture.pdf>]
<figures/50.PreliminaryW/scope_9.png, id=1198, 803.0pt x 504.88625pt>
File: figures/50.PreliminaryW/scope_9.png Graphic file (type png)

<use figures/50.PreliminaryW/scope_9.png>
Package pdftex.def Info: figures/50.PreliminaryW/scope_9.png used on input line
 149.
(pdftex.def)             Requested size: 283.30055pt x 178.13034pt.

<figures/50.PreliminaryW/scope_10.png, id=1199, 803.0pt x 504.88625pt>
File: figures/50.PreliminaryW/scope_10.png Graphic file (type png)

<use figures/50.PreliminaryW/scope_10.png>
Package pdftex.def Info: figures/50.PreliminaryW/scope_10.png used on input lin
e 157.
(pdftex.def)             Requested size: 283.30055pt x 178.13034pt.
 [47 <./figures/50.PreliminaryW/processingArchitecture.pdf> <./figures/50.Preli
minaryW/scope_9.png (PNG copy)> <./figures/50.PreliminaryW/scope_10.png (PNG co
py)>]) (report.main.bbl [48] [49


]
** WARNING: IEEEtran.bst: No hyphenation pattern has been
** loaded for the language `{English}'. Using the pattern for
** the default language instead.
** WARNING: IEEEtran.bst: No hyphenation pattern has been
** loaded for the language `{English}'. Using the pattern for
** the default language instead.
** WARNING: IEEEtran.bst: No hyphenation pattern has been
** loaded for the language `{English}'. Using the pattern for
** the default language instead.
** WARNING: IEEEtran.bst: No hyphenation pattern has been
** loaded for the language `{English}'. Using the pattern for
** the default language instead.
[50]
** WARNING: IEEEtran.bst: No hyphenation pattern has been
** loaded for the language `{English}'. Using the pattern for
** the default language instead.
** WARNING: IEEEtran.bst: No hyphenation pattern has been
** loaded for the language `{English}'. Using the pattern for
** the default language instead.
** WARNING: IEEEtran.bst: No hyphenation pattern has been
** loaded for the language `{English}'. Using the pattern for
** the default language instead.
** WARNING: IEEEtran.bst: No hyphenation pattern has been
** loaded for the language `{English}'. Using the pattern for
** the default language instead.
[51]) 
AED: lastpage setting LastPage
[52]

Package caption Warning: Unused \captionsetup[sub] on input line 82.
See the caption package documentation for explanation.

Package atveryend Info: Empty hook `BeforeClearDocument' on input line 70.
Package atveryend Info: Empty hook `AfterLastShipout' on input line 70.
(report.main.aux (report.info.aux))
Package atveryend Info: Executing hook `AtVeryEndDocument' on input line 70.
Package atveryend Info: Executing hook `AtEndAfterFileList' on input line 70.
Package rerunfilecheck Info: File `report.main.out' has not changed.
(rerunfilecheck)             Checksum: 0C40BFF8BA413B6D7DFC8BD346B49A40;4540.
 ) 
Here is how much of TeX's memory you used:
 22419 strings out of 493333
 378986 string characters out of 3139189
 620175 words of memory out of 3000000
 25198 multiletter control sequences out of 15000+200000
 14609 words of font info for 56 fonts, out of 3000000 for 9000
 1141 hyphenation exceptions out of 8191
 55i,17n,92p,10426b,507s stack positions out of 5000i,500n,10000p,200000b,50000s
<C:/Program Files/MiKTeX 2.9/fonts/type1/public/amsfonts/cm/cmbx10.pfb><C:/Pr
ogram Files/MiKTeX 2.9/fonts/type1/public/amsfonts/cm/cmbx12.pfb><C:/Program Fi
les/MiKTeX 2.9/fonts/type1/public/amsfonts/cm/cmbx9.pfb><C:/Program Files/MiKTe
X 2.9/fonts/type1/public/amsfonts/cm/cmmi10.pfb><C:/Program Files/MiKTeX 2.9/fo
nts/type1/public/amsfonts/cm/cmmi8.pfb><C:/Program Files/MiKTeX 2.9/fonts/type1
/public/amsfonts/cm/cmr10.pfb><C:/Program Files/MiKTeX 2.9/fonts/type1/public/a
msfonts/cm/cmr12.pfb><C:/Program Files/MiKTeX 2.9/fonts/type1/public/amsfonts/c
m/cmr17.pfb><C:/Program Files/MiKTeX 2.9/fonts/type1/public/amsfonts/cm/cmr7.pf
b><C:/Program Files/MiKTeX 2.9/fonts/type1/public/amsfonts/cm/cmr8.pfb><C:/Prog
ram Files/MiKTeX 2.9/fonts/type1/public/amsfonts/cm/cmr9.pfb><C:/Program Files/
MiKTeX 2.9/fonts/type1/public/amsfonts/cm/cmsy10.pfb><C:/Program Files/MiKTeX 2
.9/fonts/type1/public/amsfonts/cm/cmti10.pfb>
Output written on report.main.pdf (62 pages, 21472016 bytes).
PDF statistics:
 1339 PDF objects out of 1440 (max. 8388607)
 278 named destinations out of 1000 (max. 500000)
 691 words of extra memory for PDF output out of 10000 (max. 10000000)

