\BOOKMARK [0][-]{init.0}{Front Page}{}% 1
\BOOKMARK [0][-]{chapter.1}{1 Introduction}{}% 2
\BOOKMARK [0][-]{chapter.2}{2 Objectives and Contributions}{}% 3
\BOOKMARK [1][-]{section.2.1}{2.1 Objectives}{chapter.2}% 4
\BOOKMARK [1][-]{section.2.2}{2.2 Contributions}{chapter.2}% 5
\BOOKMARK [0][-]{chapter.3}{3 Literature Review}{}% 6
\BOOKMARK [1][-]{section.3.1}{3.1 Section 1: Smart metering}{chapter.3}% 7
\BOOKMARK [2][-]{subsection.3.1.1}{3.1.1 Smart grids and the need for smart meters}{section.3.1}% 8
\BOOKMARK [2][-]{subsection.3.1.2}{3.1.2 Features of Smart Meters and metering systems}{section.3.1}% 9
\BOOKMARK [2][-]{subsection.3.1.3}{3.1.3 Metering systems in railways}{section.3.1}% 10
\BOOKMARK [2][-]{subsection.3.1.4}{3.1.4 Wireless sensor networks \205 overview}{section.3.1}% 11
\BOOKMARK [2][-]{subsection.3.1.5}{3.1.5 Smart metering with WSN in Railway Transportation System \(RTS\)}{section.3.1}% 12
\BOOKMARK [1][-]{section.3.2}{3.2 Section 2: Wireless networks}{chapter.3}% 13
\BOOKMARK [2][-]{subsection.3.2.1}{3.2.1 Network technologies \205 historic overview}{section.3.2}% 14
\BOOKMARK [2][-]{subsection.3.2.2}{3.2.2 Current Wireless technologies and standards}{section.3.2}% 15
\BOOKMARK [2][-]{subsection.3.2.3}{3.2.3 Emerging technologies and standards}{section.3.2}% 16
\BOOKMARK [2][-]{subsection.3.2.4}{3.2.4 Network Simulators and Network Emulators}{section.3.2}% 17
\BOOKMARK [1][-]{section.3.3}{3.3 Section 3: Energy sensors}{chapter.3}% 18
\BOOKMARK [1][-]{section.3.4}{3.4 Section 4: Power system of RTS}{chapter.3}% 19
\BOOKMARK [1][-]{section.3.5}{3.5 Section 5: Decision Support Systems \(DSS\)}{chapter.3}% 20
\BOOKMARK [1][-]{section.3.6}{3.6 Section 6: Outlier detection in RTS energy measurement}{chapter.3}% 21
\BOOKMARK [0][-]{chapter.4}{4 Methodology and Work Plan}{}% 22
\BOOKMARK [1][-]{section.4.1}{4.1 RTS wireless network}{chapter.4}% 23
\BOOKMARK [1][-]{section.4.2}{4.2 Non-intrusive self-powered sensor node}{chapter.4}% 24
\BOOKMARK [1][-]{section.4.3}{4.3 Rolling stock traction transformer model}{chapter.4}% 25
